<?xml version="1.0" encoding="UTF-8"?>
<!-- Generated by org.testng.reporters.JUnitReportReporter -->
<testsuite hostname="IBM-PF3DL4JS" failures="0" tests="1" name="testcases.LoginPage_TC001" time="8.070" errors="0" timestamp="2025-01-30T18:08:32 IST" skipped="0">
  <testcase classname="testcases.LoginPage_TC001" name="login" time="8.070"/>
  <system-out/>
</testsuite> <!-- testcases.LoginPage_TC001 -->
