<?xml version="1.0" encoding="UTF-8"?>
<!-- Generated by org.testng.reporters.JUnitReportReporter -->
<testsuite hostname="IBM-PF3DL4JS" failures="0" tests="2" name="testcases.CucumberRunner_TC003" time="13.985" errors="0" timestamp="2025-01-30T20:03:12 IST" skipped="0">
  <testcase classname="testcases.CucumberRunner_TC003" name="runScenario" time="6.620"/>
  <system-out/>
  <testcase classname="testcases.CucumberRunner_TC003" name="runScenario" time="7.365"/>
  <system-out/>
</testsuite> <!-- testcases.CucumberRunner_TC003 -->
