<?xml version="1.0" encoding="UTF-8"?>
<!-- Generated by org.testng.reporters.JUnitReportReporter -->
<testsuite hostname="IBM-PF3DL4JS" failures="0" tests="1" name="testNGLearning.EditLead" time="16.475" errors="0" timestamp="2025-01-13T20:39:11 IST" skipped="0">
  <testcase classname="testNGLearning.EditLead" name="Edit_lead" time="16.475"/>
  <system-out/>
</testsuite> <!-- testNGLearning.EditLead -->
