<?xml version="1.0" encoding="UTF-8"?>
<!-- Generated by org.testng.reporters.JUnitReportReporter -->
<testsuite hostname="IBM-PF3DL4JS" failures="0" tests="2" name="dynamicParameterizaiton.CreateLead" time="24.900" errors="0" timestamp="2025-01-14T16:56:36 IST" skipped="0">
  <testcase classname="dynamicParameterizaiton.CreateLead" name="runcreate_Lead" time="12.277"/>
  <system-out/>
  <testcase classname="dynamicParameterizaiton.CreateLead" name="runcreate_Lead" time="12.623"/>
  <system-out/>
</testsuite> <!-- dynamicParameterizaiton.CreateLead -->
