<?xml version="1.0" encoding="UTF-8"?>
<!-- Generated by org.testng.reporters.JUnitReportReporter -->
<testsuite hostname="IBM-PF3DL4JS" failures="0" tests="3" name="testNGAttributes.AttributeIncovationCount" time="0.020" errors="0" timestamp="2025-01-14T15:23:01 IST" skipped="0">
  <testcase classname="testNGAttributes.AttributeIncovationCount" name="createLead" time="0.001"/>
  <system-out/>
  <testcase classname="testNGAttributes.AttributeIncovationCount" name="createLead" time="0.001"/>
  <system-out/>
  <testcase classname="testNGAttributes.AttributeIncovationCount" name="createLead" time="0.018"/>
  <system-out/>
</testsuite> <!-- testNGAttributes.AttributeIncovationCount -->
