<?xml version="1.0" encoding="UTF-8"?>
<!-- Generated by org.testng.reporters.JUnitReportReporter -->
<testsuite hostname="IBM-PF3DL4JS" failures="0" tests="2" name="runner.CucumberRunner" time="11.975" errors="0" timestamp="2025-01-18T14:36:30 IST" skipped="0">
  <testcase classname="runner.CucumberRunner" name="runScenario" time="6.259"/>
  <system-out/>
  <testcase classname="runner.CucumberRunner" name="runScenario" time="5.716"/>
  <system-out/>
</testsuite> <!-- runner.CucumberRunner -->
