<?xml version="1.0" encoding="UTF-8"?>
<!-- Generated by org.testng.reporters.JUnitReportReporter -->
<testsuite hostname="IBM-PF3DL4JS" failures="0" tests="1" name="assertion.LoginLeafTaps" time="9.710" errors="0" timestamp="2025-01-28T12:14:42 IST" skipped="0">
  <testcase classname="assertion.LoginLeafTaps" name="login" time="9.710"/>
  <system-out/>
</testsuite> <!-- assertion.LoginLeafTaps -->
