<?xml version="1.0" encoding="UTF-8"?>
<!-- Generated by org.testng.reporters.JUnitReportReporter -->
<testsuite hostname="IBM-PF3DL4JS" failures="0" tests="1" name="excelIntegrationMultipleTC.CreateLead2" time="14.275" errors="0" timestamp="2025-01-15T20:22:19 IST" skipped="0">
  <testcase classname="excelIntegrationMultipleTC.CreateLead2" name="runcreate_Lead" time="14.275"/>
  <system-out/>
</testsuite> <!-- excelIntegrationMultipleTC.CreateLead2 -->
