<?xml version="1.0" encoding="UTF-8"?>
<!-- Generated by org.testng.reporters.JUnitReportReporter -->
<testsuite hostname="IBM-PF3DL4JS" failures="0" tests="4" name="testNGAttributes.CreateLead" time="69.905" errors="0" timestamp="2025-01-14T14:53:02 IST" skipped="0">
  <testcase classname="testNGAttributes.CreateLead" name="runcreate_Lead" time="14.791"/>
  <system-out/>
  <testcase classname="testNGAttributes.CreateLead" name="runcreate_Lead" time="20.109"/>
  <system-out/>
  <testcase classname="testNGAttributes.CreateLead" name="runcreate_Lead" time="15.862"/>
  <system-out/>
  <testcase classname="testNGAttributes.CreateLead" name="runcreate_Lead" time="19.143"/>
  <system-out/>
</testsuite> <!-- testNGAttributes.CreateLead -->
