<?xml version="1.0" encoding="UTF-8"?>
<!-- Generated by org.testng.reporters.JUnitReportReporter -->
<testsuite hostname="IBM-PF3DL4JS" failures="0" tests="2" name="excelIntegration.CreateLead2" time="27.613" errors="0" timestamp="2025-01-15T18:29:37 IST" skipped="0">
  <testcase classname="excelIntegration.CreateLead2" name="runcreate_Lead" time="14.575"/>
  <system-out/>
  <testcase classname="excelIntegration.CreateLead2" name="runcreate_Lead" time="13.038"/>
  <system-out/>
</testsuite> <!-- excelIntegration.CreateLead2 -->
