<?xml version="1.0" encoding="UTF-8"?>
<!-- Generated by org.testng.reporters.JUnitReportReporter -->
<testsuite hostname="IBM-PF3DL4JS" failures="0" tests="1" name="testNGAnnotation.LearnAnnotation2Test" time="0.007" errors="0" timestamp="2025-01-13T21:27:05 IST" skipped="0">
  <testcase classname="testNGAnnotation.LearnAnnotation2Test" name="f" time="0.007"/>
  <system-out/>
</testsuite> <!-- testNGAnnotation.LearnAnnotation2Test -->
