<?xml version="1.0" encoding="UTF-8"?>
<!-- Generated by org.testng.reporters.JUnitReportReporter -->
<testsuite hostname="IBM-PF3DL4JS" failures="0" tests="2" name="excelIntegration.CreateLead" time="37.398" errors="0" timestamp="2025-01-15T14:35:03 IST" skipped="0">
  <testcase classname="excelIntegration.CreateLead" name="runcreate_Lead" time="14.873"/>
  <system-out/>
  <testcase classname="excelIntegration.CreateLead" name="runcreate_Lead" time="22.525"/>
  <system-out/>
</testsuite> <!-- excelIntegration.CreateLead -->
