<?xml version="1.0" encoding="UTF-8"?>
<!-- Generated by org.testng.reporters.JUnitReportReporter -->
<testsuite hostname="IBM-PF3DL4JS" failures="0" tests="1" name="runner.CucumberTags" time="6.912" errors="0" timestamp="2025-01-21T11:03:30 IST" skipped="0">
  <testcase classname="runner.CucumberTags" name="runScenario" time="6.912"/>
  <system-out/>
</testsuite> <!-- runner.CucumberTags -->
