<?xml version="1.0" encoding="UTF-8"?>
<!-- Generated by org.testng.reporters.JUnitReportReporter -->
<testsuite hostname="IBM-PF3DL4JS" failures="0" tests="4" name="testNGAttributes.AttributePrioirity" time="0.011" errors="0" timestamp="2025-01-14T14:39:29 IST" skipped="1">
  <testcase classname="testNGAttributes.AttributePrioirity" name="createLead" time="0.008"/>
  <system-out/>
  <testcase classname="testNGAttributes.AttributePrioirity" name="editLead" time="0.001"/>
  <system-out/>
  <testcase classname="testNGAttributes.AttributePrioirity" name="deleteLead" time="0.002"/>
  <system-out/>
  <testcase classname="testNGAttributes.AttributePrioirity" name="duplicateLead">
    <skipped/>
  </testcase> <!-- duplicateLead -->
  <system-out/>
</testsuite> <!-- testNGAttributes.AttributePrioirity -->
