<?xml version="1.0" encoding="UTF-8"?>
<!-- Generated by org.testng.reporters.JUnitReportReporter -->
<testsuite hostname="IBM-PF3DL4JS" failures="0" tests="1" name="testNGAnnotation.EditLead" time="24.307" errors="0" timestamp="2025-01-13T21:49:33 IST" skipped="0">
  <testcase classname="testNGAnnotation.EditLead" name="Edit_lead" time="24.307"/>
  <system-out/>
</testsuite> <!-- testNGAnnotation.EditLead -->
