<?xml version="1.0" encoding="UTF-8"?>
<!-- Generated by org.testng.reporters.JUnitReportReporter -->
<testsuite hostname="IBM-PF3DL4JS" failures="0" tests="1" name="testNGAttributes.EditLead2" time="18.036" errors="0" timestamp="2025-01-14T15:06:00 IST" skipped="0">
  <testcase classname="testNGAttributes.EditLead2" name="Edit_lead" time="18.036"/>
  <system-out/>
</testsuite> <!-- testNGAttributes.EditLead2 -->
