<?xml version="1.0" encoding="UTF-8"?>
<!-- Generated by org.testng.reporters.JUnitReportReporter -->
<testsuite hostname="IBM-PF3DL4JS" failures="0" tests="1" name="testNGAttributes.AtributesAlwaysRun" time="17.798" errors="0" timestamp="2025-01-14T15:16:05 IST" skipped="0">
  <testcase classname="testNGAttributes.AtributesAlwaysRun" name="Edit_lead" time="17.798"/>
  <system-out/>
</testsuite> <!-- testNGAttributes.AtributesAlwaysRun -->
