<?xml version="1.0" encoding="UTF-8"?>
<!-- Generated by org.testng.reporters.JUnitReportReporter -->
<testsuite hostname="IBM-PF3DL4JS" failures="0" tests="1" name="testNGAnnotation.CreateLead" time="14.061" errors="0" timestamp="2025-01-13T21:49:33 IST" skipped="0">
  <testcase classname="testNGAnnotation.CreateLead" name="runcreate_Lead" time="14.061"/>
  <system-out/>
</testsuite> <!-- testNGAnnotation.CreateLead -->
