<?xml version="1.0" encoding="UTF-8"?>
<!-- Generated by org.testng.reporters.JUnitReportReporter -->
<testsuite hostname="IBM-PF3DL4JS" failures="0" tests="2" name="testNGAnnotation.LearnAnnotation" time="0.005" errors="0" timestamp="2025-01-13T21:24:26 IST" skipped="0">
  <testcase classname="testNGAnnotation.LearnAnnotation" name="CreateLead" time="0.004"/>
  <system-out/>
  <testcase classname="testNGAnnotation.LearnAnnotation" name="EditLead" time="0.001"/>
  <system-out/>
</testsuite> <!-- testNGAnnotation.LearnAnnotation -->
