<?xml version="1.0" encoding="UTF-8"?>
<!-- Generated by org.testng.reporters.JUnitReportReporter -->
<testsuite hostname="IBM-PF3DL4JS" failures="0" tests="4" name="runner.CreateLeadRunner" time="37.204" errors="0" timestamp="2025-01-18T13:48:17 IST" skipped="0">
  <testcase classname="runner.CreateLeadRunner" name="runScenario" time="12.533"/>
  <system-out/>
  <testcase classname="runner.CreateLeadRunner" name="runScenario" time="5.584"/>
  <system-out/>
  <testcase classname="runner.CreateLeadRunner" name="runScenario" time="6.917"/>
  <system-out/>
  <testcase classname="runner.CreateLeadRunner" name="runScenario" time="12.170"/>
  <system-out/>
</testsuite> <!-- runner.CreateLeadRunner -->
