<?xml version="1.0" encoding="UTF-8"?>
<!-- Generated by org.testng.reporters.JUnitReportReporter -->
<testsuite hostname="IBM-PF3DL4JS" failures="0" tests="4" name="runner.CucumberRunnerWithTestNGAnnotation" time="41.909" errors="0" timestamp="2025-01-21T11:00:44 IST" skipped="0">
  <testcase classname="runner.CucumberRunnerWithTestNGAnnotation" name="runScenario" time="16.086"/>
  <system-out/>
  <testcase classname="runner.CucumberRunnerWithTestNGAnnotation" name="runScenario" time="13.101"/>
  <system-out/>
  <testcase classname="runner.CucumberRunnerWithTestNGAnnotation" name="runScenario" time="6.270"/>
  <system-out/>
  <testcase classname="runner.CucumberRunnerWithTestNGAnnotation" name="runScenario" time="6.452"/>
  <system-out/>
</testsuite> <!-- runner.CucumberRunnerWithTestNGAnnotation -->
