<?xml version="1.0" encoding="UTF-8"?>
<!-- Generated by org.testng.reporters.JUnitReportReporter -->
<testsuite hostname="IBM-PF3DL4JS" failures="0" tests="2" name="parameterization.CreateLead" time="26.692" errors="0" timestamp="2025-01-14T16:30:07 IST" skipped="0">
  <testcase classname="parameterization.CreateLead" name="runcreate_Lead" time="14.104"/>
  <system-out/>
  <testcase classname="parameterization.CreateLead" name="runcreate_Lead" time="12.588"/>
  <system-out/>
</testsuite> <!-- parameterization.CreateLead -->
